<?xml version="1.0" encoding="UTF-8"?>
<!-- Generated by org.testng.reporters.JUnitReportReporter -->
<testsuite hostname="DESKTOP-64CPPE3" name="com.basics.StaticJson" tests="1" failures="0" timestamp="9 Dec 2019 12:05:16 GMT" time="5.638" errors="0">
  <testcase name="addBook" time="5.638" classname="com.basics.StaticJson"/>
</testsuite> <!-- com.basics.StaticJson -->
